Traceback (most recent call last):
  File "/Users/gferragut/miniconda3/envs/gmprocess/lib/python3.9/site-packages/jupyter_cache/executors/utils.py", line 58, in single_nb_execution
    executenb(
  File "/Users/gferragut/miniconda3/envs/gmprocess/lib/python3.9/site-packages/nbclient/client.py", line 1204, in execute
    return NotebookClient(nb=nb, resources=resources, km=km, **kwargs).execute()
  File "/Users/gferragut/miniconda3/envs/gmprocess/lib/python3.9/site-packages/nbclient/util.py", line 84, in wrapped
    return just_run(coro(*args, **kwargs))
  File "/Users/gferragut/miniconda3/envs/gmprocess/lib/python3.9/site-packages/nbclient/util.py", line 62, in just_run
    return loop.run_until_complete(coro)
  File "/Users/gferragut/miniconda3/envs/gmprocess/lib/python3.9/asyncio/base_events.py", line 647, in run_until_complete
    return future.result()
  File "/Users/gferragut/miniconda3/envs/gmprocess/lib/python3.9/site-packages/nbclient/client.py", line 663, in async_execute
    await self.async_execute_cell(
  File "/Users/gferragut/miniconda3/envs/gmprocess/lib/python3.9/site-packages/nbclient/client.py", line 965, in async_execute_cell
    await self._check_raise_for_error(cell, cell_index, exec_reply)
  File "/Users/gferragut/miniconda3/envs/gmprocess/lib/python3.9/site-packages/nbclient/client.py", line 862, in _check_raise_for_error
    raise CellExecutionError.from_cell_and_msg(cell, exec_reply_content)
nbclient.exceptions.CellExecutionError: An error occurred while executing the following cell:
------------------
# Import the application
from gmprocess.apps.gmrecords import GMrecordsApp

# Create a list of subcommands we will run.
STEPS = (
    'assemble',
    'process_waveforms',
    'compute_station_metrics',
    'compute_waveform_metrics',
    'export_metric_tables',
    'generate_report',
    'generate_station_maps',
    )

# Initialize the application
app = GMrecordsApp()
app.load_subcommands()

# Create a dictionary with the arguments common to all subcommands.
# We must include arguments that normally are given default values by
# the command line argument parser.
args = {
    'debug': False,
    'quiet': False,
    'eventid': None,
    'textfile': None,
    'overwrite': False,
    }

# Loop through the subcommands.
for step in STEPS:
    print(f"Running '{step}'...")

    # Update the arguments dictionary with subcommand specific information.
    # Each step has its own log file with the name $STEP.log.
    step_args = {
        'subcommand': step,
        'func': app.classes[step]['class'],
        'log': f"{step}.log",
        }
    args.update(step_args)

    # Run the current subcommand
    app.main(**args)
------------------

[0;31m---------------------------------------------------------------------------[0m
[0;31mFileExistsError[0m                           Traceback (most recent call last)
Cell [0;32mIn [6], line 44[0m
[1;32m     41[0m args[38;5;241m.[39mupdate(step_args)
[1;32m     43[0m [38;5;66;03m# Run the current subcommand[39;00m
[0;32m---> 44[0m [43mapp[49m[38;5;241;43m.[39;49m[43mmain[49m[43m([49m[38;5;241;43m*[39;49m[38;5;241;43m*[39;49m[43margs[49m[43m)[49m

File [0;32m~/groundmotion-processing/src/gmprocess/apps/gmrecords.py:103[0m, in [0;36mGMrecordsApp.main[0;34m(self, **kwargs)[0m
[1;32m     97[0m     [38;5;28mprint[39m([38;5;124m"[39m[38;5;124m-[39m[38;5;124m"[39m [38;5;241m*[39m [38;5;241m80[39m)
[1;32m     98[0m [38;5;66;03m# -----------------------------------------------------------------[39;00m
[1;32m     99[0m [38;5;66;03m# This calls the init method of the subcommand that was specified[39;00m
[1;32m    100[0m [38;5;66;03m# at the command line and hands off the GmpApp object ("self") as[39;00m
[1;32m    101[0m [38;5;66;03m# the only argument to func.[39;00m
[1;32m    102[0m [38;5;66;03m# -----------------------------------------------------------------[39;00m
[0;32m--> 103[0m [38;5;28;43mself[39;49m[38;5;241;43m.[39;49m[43margs[49m[38;5;241;43m.[39;49m[43mfunc[49m[43m([49m[43m)[49m[38;5;241;43m.[39;49m[43mmain[49m[43m([49m[38;5;28;43mself[39;49m[43m)[49m

File [0;32m~/groundmotion-processing/src/gmprocess/subcommands/generate_report.py:51[0m, in [0;36mGenerateReportModule.main[0;34m(self, gmrecords)[0m
[1;32m     49[0m [38;5;28;01mfor[39;00m ievent, event [38;5;129;01min[39;00m [38;5;28menumerate[39m([38;5;28mself[39m[38;5;241m.[39mevents):
[1;32m     50[0m     event_dir [38;5;241m=[39m [38;5;28mself[39m[38;5;241m.[39mgmrecords[38;5;241m.[39mdata_path [38;5;241m/[39m event[38;5;241m.[39mid
[0;32m---> 51[0m     pstreams [38;5;241m=[39m [38;5;28;43mself[39;49m[38;5;241;43m.[39;49m[43mgenerate_diagnostic_plots[49m[43m([49m[43mevent[49m[43m)[49m
[1;32m     52[0m     [38;5;28;01mif[39;00m pstreams [38;5;129;01mis[39;00m [38;5;28;01mNone[39;00m:
[1;32m     53[0m         [38;5;28;01mreturn[39;00m

File [0;32m~/groundmotion-processing/src/gmprocess/subcommands/generate_report.py:110[0m, in [0;36mGenerateReportModule.generate_diagnostic_plots[0;34m(self, event)[0m
[1;32m    108[0m plot_dir [38;5;241m=[39m event_dir [38;5;241m/[39m [38;5;124m"[39m[38;5;124mplots[39m[38;5;124m"[39m
[1;32m    109[0m [38;5;28;01mif[39;00m [38;5;129;01mnot[39;00m plot_dir[38;5;241m.[39mis_file():
[0;32m--> 110[0m     [43mplot_dir[49m[38;5;241;43m.[39;49m[43mmkdir[49m[43m([49m[43m)[49m
[1;32m    112[0m results [38;5;241m=[39m []
[1;32m    113[0m pstreams [38;5;241m=[39m []

File [0;32m~/miniconda3/envs/gmprocess/lib/python3.9/pathlib.py:1323[0m, in [0;36mPath.mkdir[0;34m(self, mode, parents, exist_ok)[0m
[1;32m   1319[0m [38;5;124;03m"""[39;00m
[1;32m   1320[0m [38;5;124;03mCreate a new directory at this given path.[39;00m
[1;32m   1321[0m [38;5;124;03m"""[39;00m
[1;32m   1322[0m [38;5;28;01mtry[39;00m:
[0;32m-> 1323[0m     [38;5;28;43mself[39;49m[38;5;241;43m.[39;49m[43m_accessor[49m[38;5;241;43m.[39;49m[43mmkdir[49m[43m([49m[38;5;28;43mself[39;49m[43m,[49m[43m [49m[43mmode[49m[43m)[49m
[1;32m   1324[0m [38;5;28;01mexcept[39;00m [38;5;167;01mFileNotFoundError[39;00m:
[1;32m   1325[0m     [38;5;28;01mif[39;00m [38;5;129;01mnot[39;00m parents [38;5;129;01mor[39;00m [38;5;28mself[39m[38;5;241m.[39mparent [38;5;241m==[39m [38;5;28mself[39m:

[0;31mFileExistsError[0m: [Errno 17] File exists: '/Users/gferragut/groundmotion-processing/doc_source/contents/tutorials/data/scripting/nc73291880/plots'
FileExistsError: [Errno 17] File exists: '/Users/gferragut/groundmotion-processing/doc_source/contents/tutorials/data/scripting/nc73291880/plots'

