INFO 2022-10-04 15:42:33 | gmrecords._initialize: Logging level includes INFO.
INFO 2022-10-04 15:42:33 | gmrecords._initialize: PROJECTS_PATH: /Users/emthompson/src/python/groundmotion-processing/doc_source/contents/tutorials/.gmprocess
INFO 2022-10-04 15:42:33 | compute_station_metrics.main: Running subcommand 'compute_station_metrics'
INFO 2022-10-04 15:42:33 | compute_station_metrics._event_station_metrics: Computing station metrics for event nc73291880...
INFO 2022-10-04 15:42:37 | compute_station_metrics._event_station_metrics: Calculating station metrics for BK.BRIB.BH...
INFO 2022-10-04 15:42:40 | compute_station_metrics._event_station_metrics: Calculating station metrics for BK.BRIB.HH...
INFO 2022-10-04 15:42:44 | compute_station_metrics._event_station_metrics: Calculating station metrics for BK.BRIB.HN...
INFO 2022-10-04 15:42:47 | compute_station_metrics._event_station_metrics: Calculating station metrics for CE.58360.HN...
INFO 2022-10-04 15:42:50 | compute_station_metrics._event_station_metrics: Calculating station metrics for CE.58369.HN...
INFO 2022-10-04 15:42:54 | compute_station_metrics._event_station_metrics: Calculating station metrics for CE.58442.HN...
INFO 2022-10-04 15:42:57 | compute_station_metrics._event_station_metrics: Calculating station metrics for NC.C010.HN...
INFO 2022-10-04 15:43:01 | compute_station_metrics._event_station_metrics: Calculating station metrics for NC.C018.HN...
INFO 2022-10-04 15:43:04 | compute_station_metrics._event_station_metrics: Calculating station metrics for NC.CRH.HN...
INFO 2022-10-04 15:43:07 | compute_station_metrics._event_station_metrics: Calculating station metrics for NC.CTA.HN...
INFO 2022-10-04 15:43:10 | compute_station_metrics._event_station_metrics: Calculating station metrics for NP.1691.HN...
INFO 2022-10-04 15:43:13 | compute_station_metrics._event_station_metrics: Calculating station metrics for NP.1844.HN...
INFO 2022-10-04 15:43:17 | compute_station_metrics._event_station_metrics: Calculating station metrics for NP.1847.HN...
INFO 2022-10-04 15:43:17 | compute_station_metrics._event_station_metrics: Added station metrics to workspace files with tag 'default'.
INFO 2022-10-04 15:43:17 | base._summarize_files_created: No new files created.
INFO 2022-10-05 16:12:39 | gmrecords._initialize: Logging level includes INFO.
INFO 2022-10-05 16:12:39 | gmrecords._initialize: PROJECTS_PATH: /Users/emthompson/src/python/groundmotion-processing/doc_source/contents/tutorials/.gmprocess
INFO 2022-10-05 16:12:39 | compute_station_metrics.main: Running subcommand 'compute_station_metrics'
INFO 2022-10-05 16:12:39 | compute_station_metrics._event_station_metrics: Computing station metrics for event nc73291880...
INFO 2022-10-05 16:12:44 | compute_station_metrics._event_station_metrics: Calculating station metrics for BK.BRIB.BH...
INFO 2022-10-05 16:12:47 | compute_station_metrics._event_station_metrics: Calculating station metrics for BK.BRIB.HH...
INFO 2022-10-05 16:12:51 | compute_station_metrics._event_station_metrics: Calculating station metrics for BK.BRIB.HN...
INFO 2022-10-05 16:12:55 | compute_station_metrics._event_station_metrics: Calculating station metrics for CE.58360.HN...
INFO 2022-10-05 16:12:58 | compute_station_metrics._event_station_metrics: Calculating station metrics for CE.58369.HN...
INFO 2022-10-05 16:13:02 | compute_station_metrics._event_station_metrics: Calculating station metrics for CE.58442.HN...
INFO 2022-10-05 16:13:06 | compute_station_metrics._event_station_metrics: Calculating station metrics for NC.C010.HN...
INFO 2022-10-05 16:13:09 | compute_station_metrics._event_station_metrics: Calculating station metrics for NC.C018.HN...
INFO 2022-10-05 16:13:13 | compute_station_metrics._event_station_metrics: Calculating station metrics for NC.CRH.HN...
INFO 2022-10-05 16:13:17 | compute_station_metrics._event_station_metrics: Calculating station metrics for NC.CTA.HN...
INFO 2022-10-05 16:13:20 | compute_station_metrics._event_station_metrics: Calculating station metrics for NP.1691.HN...
INFO 2022-10-05 16:13:24 | compute_station_metrics._event_station_metrics: Calculating station metrics for NP.1844.HN...
INFO 2022-10-05 16:13:27 | compute_station_metrics._event_station_metrics: Calculating station metrics for NP.1847.HN...
INFO 2022-10-05 16:13:27 | compute_station_metrics._event_station_metrics: Added station metrics to workspace files with tag 'default'.
INFO 2022-10-05 16:13:27 | base._summarize_files_created: No new files created.
INFO 2022-10-06 09:06:04 | gmrecords._initialize: Logging level includes INFO.
INFO 2022-10-06 09:06:04 | gmrecords._initialize: PROJECTS_PATH: /Users/emthompson/src/python/groundmotion-processing/doc_source/contents/tutorials/.gmprocess
INFO 2022-10-06 09:06:04 | compute_station_metrics.main: Running subcommand 'compute_station_metrics'
INFO 2022-10-06 09:06:04 | compute_station_metrics._event_station_metrics: Computing station metrics for event nc73291880...
INFO 2022-10-06 09:06:07 | compute_station_metrics._event_station_metrics: Calculating station metrics for BK.BRIB.BH...
INFO 2022-10-06 09:06:11 | compute_station_metrics._event_station_metrics: Calculating station metrics for BK.BRIB.HH...
INFO 2022-10-06 09:06:14 | compute_station_metrics._event_station_metrics: Calculating station metrics for BK.BRIB.HN...
INFO 2022-10-06 09:06:17 | compute_station_metrics._event_station_metrics: Calculating station metrics for CE.58360.HN...
INFO 2022-10-06 09:06:20 | compute_station_metrics._event_station_metrics: Calculating station metrics for CE.58369.HN...
INFO 2022-10-06 09:06:23 | compute_station_metrics._event_station_metrics: Calculating station metrics for CE.58442.HN...
INFO 2022-10-06 09:06:26 | compute_station_metrics._event_station_metrics: Calculating station metrics for NC.C010.HN...
INFO 2022-10-06 09:06:30 | compute_station_metrics._event_station_metrics: Calculating station metrics for NC.C018.HN...
INFO 2022-10-06 09:06:33 | compute_station_metrics._event_station_metrics: Calculating station metrics for NC.CRH.HN...
INFO 2022-10-06 09:06:36 | compute_station_metrics._event_station_metrics: Calculating station metrics for NC.CTA.HN...
INFO 2022-10-06 09:06:39 | compute_station_metrics._event_station_metrics: Calculating station metrics for NP.1691.HN...
INFO 2022-10-06 09:06:43 | compute_station_metrics._event_station_metrics: Calculating station metrics for NP.1844.HN...
INFO 2022-10-06 09:06:46 | compute_station_metrics._event_station_metrics: Calculating station metrics for NP.1847.HN...
INFO 2022-10-06 09:06:46 | compute_station_metrics._event_station_metrics: Added station metrics to workspace files with tag 'default'.
INFO 2022-10-06 09:06:46 | base._summarize_files_created: No new files created.
INFO 2022-10-06 13:07:18 | gmrecords._initialize: Logging level includes INFO.
INFO 2022-10-06 13:07:18 | gmrecords._initialize: PROJECTS_PATH: /Users/emthompson/src/python/groundmotion-processing/doc_source/contents/tutorials/.gmprocess
INFO 2022-10-06 13:07:18 | compute_station_metrics.main: Running subcommand 'compute_station_metrics'
INFO 2022-10-06 13:07:18 | compute_station_metrics._event_station_metrics: Computing station metrics for event nc73291880...
INFO 2022-10-06 13:07:22 | compute_station_metrics._event_station_metrics: Calculating station metrics for BK.BRIB.BH...
INFO 2022-10-06 13:07:25 | compute_station_metrics._event_station_metrics: Calculating station metrics for BK.BRIB.HH...
INFO 2022-10-06 13:07:28 | compute_station_metrics._event_station_metrics: Calculating station metrics for BK.BRIB.HN...
INFO 2022-10-06 13:07:31 | compute_station_metrics._event_station_metrics: Calculating station metrics for CE.58360.HN...
INFO 2022-10-06 13:07:34 | compute_station_metrics._event_station_metrics: Calculating station metrics for CE.58369.HN...
INFO 2022-10-06 13:07:37 | compute_station_metrics._event_station_metrics: Calculating station metrics for CE.58442.HN...
INFO 2022-10-06 13:07:40 | compute_station_metrics._event_station_metrics: Calculating station metrics for NC.C010.HN...
INFO 2022-10-06 13:07:43 | compute_station_metrics._event_station_metrics: Calculating station metrics for NC.C018.HN...
INFO 2022-10-06 13:07:46 | compute_station_metrics._event_station_metrics: Calculating station metrics for NC.CRH.HN...
INFO 2022-10-06 13:07:49 | compute_station_metrics._event_station_metrics: Calculating station metrics for NC.CTA.HN...
INFO 2022-10-06 13:07:52 | compute_station_metrics._event_station_metrics: Calculating station metrics for NP.1691.HN...
INFO 2022-10-06 13:07:55 | compute_station_metrics._event_station_metrics: Calculating station metrics for NP.1844.HN...
INFO 2022-10-06 13:07:59 | compute_station_metrics._event_station_metrics: Calculating station metrics for NP.1847.HN...
INFO 2022-10-06 13:07:59 | compute_station_metrics._event_station_metrics: Added station metrics to workspace files with tag 'default'.
INFO 2022-10-06 13:07:59 | base._summarize_files_created: No new files created.
INFO 2022-10-06 13:29:44 | gmrecords._initialize: Logging level includes INFO.
INFO 2022-10-06 13:29:44 | gmrecords._initialize: PROJECTS_PATH: /Users/emthompson/src/python/groundmotion-processing/doc_source/contents/tutorials/.gmprocess
INFO 2022-10-06 13:29:44 | compute_station_metrics.main: Running subcommand 'compute_station_metrics'
INFO 2022-10-06 13:29:44 | compute_station_metrics._event_station_metrics: Computing station metrics for event nc73291880...
INFO 2022-10-06 13:29:48 | compute_station_metrics._event_station_metrics: Calculating station metrics for BK.BRIB.BH...
INFO 2022-10-06 13:29:51 | compute_station_metrics._event_station_metrics: Calculating station metrics for BK.BRIB.HH...
INFO 2022-10-06 13:29:54 | compute_station_metrics._event_station_metrics: Calculating station metrics for BK.BRIB.HN...
INFO 2022-10-06 13:29:58 | compute_station_metrics._event_station_metrics: Calculating station metrics for CE.58360.HN...
INFO 2022-10-06 13:30:01 | compute_station_metrics._event_station_metrics: Calculating station metrics for CE.58369.HN...
INFO 2022-10-06 13:30:04 | compute_station_metrics._event_station_metrics: Calculating station metrics for CE.58442.HN...
INFO 2022-10-06 13:30:07 | compute_station_metrics._event_station_metrics: Calculating station metrics for NC.C010.HN...
INFO 2022-10-06 13:30:11 | compute_station_metrics._event_station_metrics: Calculating station metrics for NC.C018.HN...
INFO 2022-10-06 13:30:14 | compute_station_metrics._event_station_metrics: Calculating station metrics for NC.CRH.HN...
INFO 2022-10-06 13:30:17 | compute_station_metrics._event_station_metrics: Calculating station metrics for NC.CTA.HN...
INFO 2022-10-06 13:30:20 | compute_station_metrics._event_station_metrics: Calculating station metrics for NP.1691.HN...
INFO 2022-10-06 13:30:24 | compute_station_metrics._event_station_metrics: Calculating station metrics for NP.1844.HN...
INFO 2022-10-06 13:30:27 | compute_station_metrics._event_station_metrics: Calculating station metrics for NP.1847.HN...
INFO 2022-10-06 13:30:27 | compute_station_metrics._event_station_metrics: Added station metrics to workspace files with tag 'default'.
INFO 2022-10-06 13:30:27 | base._summarize_files_created: No new files created.
