INFO 2022-10-04 15:43:17 | gmrecords._initialize: Logging level includes INFO.
INFO 2022-10-04 15:43:17 | gmrecords._initialize: PROJECTS_PATH: /Users/emthompson/src/python/groundmotion-processing/doc_source/contents/tutorials/.gmprocess
INFO 2022-10-04 15:43:17 | compute_waveform_metrics.main: Running subcommand 'compute_waveform_metrics'
INFO 2022-10-04 15:43:17 | compute_waveform_metrics._compute_event_waveform_metrics: Computing waveform metrics for event nc73291880...
INFO 2022-10-04 15:43:17 | compute_waveform_metrics._compute_event_waveform_metrics: Calculating waveform metrics for BK.BRIB.HN...
INFO 2022-10-04 15:43:27 | compute_waveform_metrics._compute_event_waveform_metrics: Calculating waveform metrics for CE.58360.HN...
INFO 2022-10-04 15:43:34 | compute_waveform_metrics._compute_event_waveform_metrics: Calculating waveform metrics for CE.58369.HN...
INFO 2022-10-04 15:43:42 | compute_waveform_metrics._compute_event_waveform_metrics: Calculating waveform metrics for CE.58442.HN...
INFO 2022-10-04 15:43:50 | compute_waveform_metrics._compute_event_waveform_metrics: Calculating waveform metrics for NC.C010.HN...
INFO 2022-10-04 15:43:58 | compute_waveform_metrics._compute_event_waveform_metrics: Calculating waveform metrics for NC.C018.HN...
WARNING 2022-10-04 15:44:04 | metrics_controller.execute_steps: Error in calculation of sa(3.000)_channels: .  Result cell will be set to np.nan.
INFO 2022-10-04 15:44:05 | compute_waveform_metrics._compute_event_waveform_metrics: Calculating waveform metrics for NC.CRH.HN...
INFO 2022-10-05 16:13:27 | gmrecords._initialize: Logging level includes INFO.
INFO 2022-10-05 16:13:27 | gmrecords._initialize: PROJECTS_PATH: /Users/emthompson/src/python/groundmotion-processing/doc_source/contents/tutorials/.gmprocess
INFO 2022-10-05 16:13:27 | compute_waveform_metrics.main: Running subcommand 'compute_waveform_metrics'
INFO 2022-10-05 16:13:27 | compute_waveform_metrics._compute_event_waveform_metrics: Computing waveform metrics for event nc73291880...
INFO 2022-10-05 16:13:28 | compute_waveform_metrics._compute_event_waveform_metrics: Calculating waveform metrics for BK.BRIB.HN...
INFO 2022-10-05 16:13:39 | compute_waveform_metrics._compute_event_waveform_metrics: Calculating waveform metrics for CE.58360.HN...
INFO 2022-10-05 16:13:47 | compute_waveform_metrics._compute_event_waveform_metrics: Calculating waveform metrics for CE.58369.HN...
INFO 2022-10-05 16:13:55 | compute_waveform_metrics._compute_event_waveform_metrics: Calculating waveform metrics for CE.58442.HN...
INFO 2022-10-05 16:14:04 | compute_waveform_metrics._compute_event_waveform_metrics: Calculating waveform metrics for NC.C010.HN...
INFO 2022-10-05 16:14:13 | compute_waveform_metrics._compute_event_waveform_metrics: Calculating waveform metrics for NC.C018.HN...
WARNING 2022-10-05 16:14:15 | metrics_controller.execute_steps: Error in calculation of sa(0.030)_channels: .  Result cell will be set to np.nan.
INFO 2022-10-06 09:06:46 | gmrecords._initialize: Logging level includes INFO.
INFO 2022-10-06 09:06:46 | gmrecords._initialize: PROJECTS_PATH: /Users/emthompson/src/python/groundmotion-processing/doc_source/contents/tutorials/.gmprocess
INFO 2022-10-06 09:06:46 | compute_waveform_metrics.main: Running subcommand 'compute_waveform_metrics'
INFO 2022-10-06 09:06:46 | compute_waveform_metrics._compute_event_waveform_metrics: Computing waveform metrics for event nc73291880...
INFO 2022-10-06 09:06:46 | compute_waveform_metrics._compute_event_waveform_metrics: Calculating waveform metrics for BK.BRIB.HN...
INFO 2022-10-06 09:06:57 | compute_waveform_metrics._compute_event_waveform_metrics: Calculating waveform metrics for CE.58360.HN...
INFO 2022-10-06 09:07:06 | compute_waveform_metrics._compute_event_waveform_metrics: Calculating waveform metrics for CE.58369.HN...
INFO 2022-10-06 09:07:13 | compute_waveform_metrics._compute_event_waveform_metrics: Calculating waveform metrics for CE.58442.HN...
INFO 2022-10-06 09:07:21 | compute_waveform_metrics._compute_event_waveform_metrics: Calculating waveform metrics for NC.C010.HN...
INFO 2022-10-06 09:07:29 | compute_waveform_metrics._compute_event_waveform_metrics: Calculating waveform metrics for NC.C018.HN...
INFO 2022-10-06 09:07:37 | compute_waveform_metrics._compute_event_waveform_metrics: Calculating waveform metrics for NC.CRH.HN...
WARNING 2022-10-06 09:07:44 | metrics_controller.execute_steps: Error in calculation of sa(3.000)_channels: .  Result cell will be set to np.nan.
INFO 2022-10-06 09:07:45 | compute_waveform_metrics._compute_event_waveform_metrics: Calculating waveform metrics for NC.CTA.HN...
INFO 2022-10-06 13:07:59 | gmrecords._initialize: Logging level includes INFO.
INFO 2022-10-06 13:07:59 | gmrecords._initialize: PROJECTS_PATH: /Users/emthompson/src/python/groundmotion-processing/doc_source/contents/tutorials/.gmprocess
INFO 2022-10-06 13:07:59 | compute_waveform_metrics.main: Running subcommand 'compute_waveform_metrics'
INFO 2022-10-06 13:07:59 | compute_waveform_metrics._compute_event_waveform_metrics: Computing waveform metrics for event nc73291880...
INFO 2022-10-06 13:07:59 | compute_waveform_metrics._compute_event_waveform_metrics: Calculating waveform metrics for BK.BRIB.HN...
INFO 2022-10-06 13:08:10 | compute_waveform_metrics._compute_event_waveform_metrics: Calculating waveform metrics for CE.58360.HN...
INFO 2022-10-06 13:08:17 | compute_waveform_metrics._compute_event_waveform_metrics: Calculating waveform metrics for CE.58369.HN...
INFO 2022-10-06 13:08:23 | compute_waveform_metrics._compute_event_waveform_metrics: Calculating waveform metrics for CE.58442.HN...
INFO 2022-10-06 13:08:31 | compute_waveform_metrics._compute_event_waveform_metrics: Calculating waveform metrics for NC.C010.HN...
INFO 2022-10-06 13:08:38 | compute_waveform_metrics._compute_event_waveform_metrics: Calculating waveform metrics for NC.C018.HN...
INFO 2022-10-06 13:08:45 | compute_waveform_metrics._compute_event_waveform_metrics: Calculating waveform metrics for NC.CRH.HN...
INFO 2022-10-06 13:08:53 | compute_waveform_metrics._compute_event_waveform_metrics: Calculating waveform metrics for NC.CTA.HN...
WARNING 2022-10-06 13:08:59 | metrics_controller.execute_steps: Error in calculation of sa(2.000)_channels: .  Result cell will be set to np.nan.
INFO 2022-10-06 13:09:00 | compute_waveform_metrics._compute_event_waveform_metrics: Calculating waveform metrics for NP.1844.HN...
INFO 2022-10-06 13:30:27 | gmrecords._initialize: Logging level includes INFO.
INFO 2022-10-06 13:30:27 | gmrecords._initialize: PROJECTS_PATH: /Users/emthompson/src/python/groundmotion-processing/doc_source/contents/tutorials/.gmprocess
INFO 2022-10-06 13:30:27 | compute_waveform_metrics.main: Running subcommand 'compute_waveform_metrics'
INFO 2022-10-06 13:30:27 | compute_waveform_metrics._compute_event_waveform_metrics: Computing waveform metrics for event nc73291880...
INFO 2022-10-06 13:30:27 | compute_waveform_metrics._compute_event_waveform_metrics: Calculating waveform metrics for BK.BRIB.HN...
INFO 2022-10-06 13:30:39 | compute_waveform_metrics._compute_event_waveform_metrics: Calculating waveform metrics for CE.58360.HN...
INFO 2022-10-06 13:30:47 | compute_waveform_metrics._compute_event_waveform_metrics: Calculating waveform metrics for CE.58369.HN...
INFO 2022-10-06 13:30:54 | compute_waveform_metrics._compute_event_waveform_metrics: Calculating waveform metrics for CE.58442.HN...
INFO 2022-10-06 13:31:01 | compute_waveform_metrics._compute_event_waveform_metrics: Calculating waveform metrics for NC.C010.HN...
INFO 2022-10-06 13:31:09 | compute_waveform_metrics._compute_event_waveform_metrics: Calculating waveform metrics for NC.C018.HN...
INFO 2022-10-06 13:31:17 | compute_waveform_metrics._compute_event_waveform_metrics: Calculating waveform metrics for NC.CRH.HN...
INFO 2022-10-06 13:31:24 | compute_waveform_metrics._compute_event_waveform_metrics: Calculating waveform metrics for NC.CTA.HN...
WARNING 2022-10-06 13:31:25 | metrics_controller.execute_steps: Error in calculation of pga_rotd50: .  Result cell will be set to np.nan.
